Arguments: 
  /usr/local/bin/node /opt/yarn-v1.22.19/bin/yarn.js install

PATH: 
  /opt/git/bin:/usr/local/share/nvm/current/bin:/usr/local/share/npm-global/bin:/usr/local/sbin:/usr/local/bin:/usr/sbin:/usr/bin:/sbin:/bin

Yarn version: 
  1.22.19

Node version: 
  20.12.0

Platform: 
  linux x64

Trace: 
  SyntaxError: /project/sandbox/package.json: Unexpected token 'p', "p{
    "name"... is not valid JSON
      at JSON.parse (<anonymous>)
      at /opt/yarn-v1.22.19/lib/cli.js:1629:59
      at Generator.next (<anonymous>)
      at step (/opt/yarn-v1.22.19/lib/cli.js:310:30)
      at /opt/yarn-v1.22.19/lib/cli.js:321:13

npm manifest: 
  p{
    "name": "srb2web-relay",
    "version": "1.0.0",
    "description": "Relay server that handles netgame connections for SRB2Web v2.2.15",
    "main": "index.js",
    "scripts": {
      "start": "node --watch index.js"
    },
    "keywords": [],
    "author": "Gvbvdxx",
    "license": "MIT",
    "devDependencies": {},
    "dependencies": {
      "ws": "8.19.0"
    }
  }

yarn manifest: 
  No manifest

Lockfile: 
  # THIS IS AN AUTOGENERATED FILE. DO NOT EDIT THIS FILE DIRECTLY.
  # yarn lockfile v1
